---------------------------------------------------------------
[ 2019-05-07T10:23:14+08:00 ] 119.123.134.193 GET /creatPicture?1557195793330
[ info ] dm.migu666.net/creatPicture?1557195793330 [运行时间：0.024705s][吞吐率：40.48req/s] [内存消耗：1,782.75kb] [文件加载：36]
[ info ] [ LANG ] /www/web/migu666/thinkphp/lang/zh-cn.php
[ info ] [ ROUTE ] array (
  'type' => 'module',
  'module' => 
  array (
    0 => 'index',
    1 => 'LoginValidation',
    2 => 'creatPicture',
  ),
  'convert' => false,
)
[ info ] [ HEADER ] array (
  'host' => 'dm.migu666.net',
  'user-agent' => 'Mozilla/5.0 (Windows NT 6.1; WOW64) AppleWebKit/537.36 (KHTML, like Gecko) Chrome/72.0.3626.121 Safari/537.36',
  'accept' => 'image/webp,image/apng,image/*,*/*;q=0.8',
  'referer' => 'https://dm.migu666.net/',
  'accept-encoding' => 'gzip, deflate, br',
  'accept-language' => 'zh-CN,zh;q=0.9',
  'cookie' => 'PHPSESSID=noip5jrhb5jv3ukelkgjml4ci5',
  'content-type' => '',
  'content-length' => '',
)
[ info ] [ PARAM ] array (
  0 => '',
)
[ info ] [ RUN ] app\index\controller\LoginValidation->creatPicture[ /www/web/migu666/application/index/controller/LoginValidation.php ]
[ info ] [ SESSION ] INIT array (
  'id' => '',
  'var_session_id' => '',
  'prefix' => 'think',
  'type' => '',
  'auto_start' => true,
)
[ info ] [ LOG ] INIT File
---------------------------------------------------------------
[ 2019-05-07T10:23:21+08:00 ] 119.123.134.193 POST /register
[ info ] dm.migu666.net/register [运行时间：0.028007s][吞吐率：35.71req/s] [内存消耗：2,754.23kb] [文件加载：42]
[ info ] [ LANG ] /www/web/migu666/thinkphp/lang/zh-cn.php
[ info ] [ ROUTE ] array (
  'type' => 'module',
  'module' => 
  array (
    0 => 'index',
    1 => 'LoginValidation',
    2 => 'register',
  ),
  'convert' => false,
)
[ info ] [ HEADER ] array (
  'host' => 'dm.migu666.net',
  'content-length' => '70',
  'accept' => 'application/json, text/javascript, */*; q=0.01',
  'origin' => 'https://dm.migu666.net',
  'x-requested-with' => 'XMLHttpRequest',
  'user-agent' => 'Mozilla/5.0 (Windows NT 6.1; WOW64) AppleWebKit/537.36 (KHTML, like Gecko) Chrome/72.0.3626.121 Safari/537.36',
  'content-type' => 'application/x-www-form-urlencoded; charset=UTF-8',
  'referer' => 'https://dm.migu666.net/',
  'accept-encoding' => 'gzip, deflate, br',
  'accept-language' => 'zh-CN,zh;q=0.9',
  'cookie' => 'PHPSESSID=noip5jrhb5jv3ukelkgjml4ci5',
)
[ info ] [ PARAM ] array (
  'acc' => 'Q27947160',
  'pass' => '27947160',
  'email' => '398207902@qq.com',
  'Verification' => 'bjqq',
)
[ info ] [ RUN ] app\index\controller\LoginValidation->register[ /www/web/migu666/application/index/controller/LoginValidation.php ]
[ info ] [ SESSION ] INIT array (
  'id' => '',
  'var_session_id' => '',
  'prefix' => 'think',
  'type' => '',
  'auto_start' => true,
)
[ info ] [ DB ] INIT mysql
[ info ] [ LOG ] INIT File
[ sql ] [ DB ] CONNECT:[ UseTime:0.001045s ] mysql:host=172.19.0.7;port=3306;dbname=cummanhua;charset=utf8
[ sql ] [ SQL ] SHOW COLUMNS FROM `user_msg` [ RunTime:0.001041s ]
[ sql ] [ SQL ] SELECT `email` FROM `user_msg` WHERE  `email` = '398207902@qq.com' LIMIT 1 [ RunTime:0.000595s ]
---------------------------------------------------------------
[ 2019-05-07T17:04:18+08:00 ] 119.123.134.191 POST /register
[ info ] dm.migu666.net/register [运行时间：0.030661s][吞吐率：32.61req/s] [内存消耗：2,806.59kb] [文件加载：45]
[ info ] [ LANG ] /www/web/migu666/thinkphp/lang/zh-cn.php
[ info ] [ ROUTE ] array (
  'type' => 'module',
  'module' => 
  array (
    0 => 'index',
    1 => 'LoginValidation',
    2 => 'register',
  ),
  'convert' => false,
)
[ info ] [ HEADER ] array (
  'host' => 'dm.migu666.net',
  'content-length' => '70',
  'accept' => 'application/json, text/javascript, */*; q=0.01',
  'origin' => 'https://dm.migu666.net',
  'x-requested-with' => 'XMLHttpRequest',
  'user-agent' => 'Mozilla/5.0 (Windows NT 6.1; WOW64) AppleWebKit/537.36 (KHTML, like Gecko) Chrome/72.0.3626.121 Safari/537.36',
  'content-type' => 'application/x-www-form-urlencoded; charset=UTF-8',
  'referer' => 'https://dm.migu666.net/',
  'accept-encoding' => 'gzip, deflate, br',
  'accept-language' => 'zh-CN,zh;q=0.9',
  'cookie' => 'PHPSESSID=noip5jrhb5jv3ukelkgjml4ci5',
)
[ info ] [ PARAM ] array (
  'acc' => 'Q27947160',
  'pass' => '27947160',
  'email' => '398207902@qq.com',
  'Verification' => 'bjqq',
)
[ info ] [ RUN ] app\index\controller\LoginValidation->register[ /www/web/migu666/application/index/controller/LoginValidation.php ]
[ info ] [ SESSION ] INIT array (
  'id' => '',
  'var_session_id' => '',
  'prefix' => 'think',
  'type' => '',
  'auto_start' => true,
)
[ info ] [ DB ] INIT mysql
[ info ] [ LOG ] INIT File
[ sql ] [ DB ] CONNECT:[ UseTime:0.001092s ] mysql:host=172.19.0.7;port=3306;dbname=cummanhua;charset=utf8
[ sql ] [ SQL ] SHOW COLUMNS FROM `user_msg` [ RunTime:0.001045s ]
[ sql ] [ SQL ] SELECT `email` FROM `user_msg` WHERE  `email` = '398207902@qq.com' LIMIT 1 [ RunTime:0.000634s ]
[ sql ] [ SQL ] INSERT INTO `user_msg` (`username` , `password` , `email` , `token` , `token_exptime` , `regtime`) VALUES ('Q27947160' , 'b93b88f56e893154ac1629130601003c' , '398207902@qq.com' , 'a15f104fe14066fd7a596979d00dd5a7' , 1557306258 , 1557219858) [ RunTime:0.000718s ]
---------------------------------------------------------------
[ 2019-05-07T17:04:34+08:00 ] 119.123.134.191 POST /register
[ info ] dm.migu666.net/register [运行时间：0.029198s][吞吐率：34.25req/s] [内存消耗：2,754.23kb] [文件加载：42]
[ info ] [ LANG ] /www/web/migu666/thinkphp/lang/zh-cn.php
[ info ] [ ROUTE ] array (
  'type' => 'module',
  'module' => 
  array (
    0 => 'index',
    1 => 'LoginValidation',
    2 => 'register',
  ),
  'convert' => false,
)
[ info ] [ HEADER ] array (
  'host' => 'dm.migu666.net',
  'content-length' => '70',
  'accept' => 'application/json, text/javascript, */*; q=0.01',
  'origin' => 'https://dm.migu666.net',
  'x-requested-with' => 'XMLHttpRequest',
  'user-agent' => 'Mozilla/5.0 (Windows NT 6.1; WOW64) AppleWebKit/537.36 (KHTML, like Gecko) Chrome/72.0.3626.121 Safari/537.36',
  'content-type' => 'application/x-www-form-urlencoded; charset=UTF-8',
  'referer' => 'https://dm.migu666.net/',
  'accept-encoding' => 'gzip, deflate, br',
  'accept-language' => 'zh-CN,zh;q=0.9',
  'cookie' => 'PHPSESSID=noip5jrhb5jv3ukelkgjml4ci5',
)
[ info ] [ PARAM ] array (
  'acc' => 'Q27947160',
  'pass' => '27947160',
  'email' => '398207902@qq.com',
  'Verification' => 'bjqq',
)
[ info ] [ RUN ] app\index\controller\LoginValidation->register[ /www/web/migu666/application/index/controller/LoginValidation.php ]
[ info ] [ SESSION ] INIT array (
  'id' => '',
  'var_session_id' => '',
  'prefix' => 'think',
  'type' => '',
  'auto_start' => true,
)
[ info ] [ DB ] INIT mysql
[ info ] [ LOG ] INIT File
[ sql ] [ DB ] CONNECT:[ UseTime:0.001025s ] mysql:host=172.19.0.7;port=3306;dbname=cummanhua;charset=utf8
[ sql ] [ SQL ] SHOW COLUMNS FROM `user_msg` [ RunTime:0.001172s ]
[ sql ] [ SQL ] SELECT `email` FROM `user_msg` WHERE  `email` = '398207902@qq.com' LIMIT 1 [ RunTime:0.000721s ]
---------------------------------------------------------------
[ 2019-05-07T23:29:31+08:00 ] 119.123.134.191 GET /
[ info ] dm.migu666.net/ [运行时间：0.039623s][吞吐率：25.24req/s] [内存消耗：2,301.77kb] [文件加载：43]
[ info ] [ LANG ] /www/web/migu666/thinkphp/lang/zh-cn.php
[ info ] [ ROUTE ] array (
  'type' => 'module',
  'module' => 
  array (
    0 => '',
    1 => NULL,
    2 => NULL,
  ),
)
[ info ] [ HEADER ] array (
  'host' => 'dm.migu666.net',
  'upgrade-insecure-requests' => '1',
  'user-agent' => 'Mozilla/5.0 (Windows NT 6.1; WOW64) AppleWebKit/537.36 (KHTML, like Gecko) Chrome/72.0.3626.121 Safari/537.36',
  'accept' => 'text/html,application/xhtml+xml,application/xml;q=0.9,image/webp,image/apng,*/*;q=0.8',
  'accept-encoding' => 'gzip, deflate, br',
  'accept-language' => 'zh-CN,zh;q=0.9',
  'content-type' => '',
  'content-length' => '',
)
[ info ] [ PARAM ] array (
)
[ info ] [ RUN ] app\index\controller\Ni->index[ /www/web/migu666/application/index/controller/Ni.php ]
[ info ] [ VIEW ] /www/web/migu666/public/../application/index/view/comic/index.html [ array (
) ]
[ info ] [ LOG ] INIT File
---------------------------------------------------------------
[ 2019-05-07T23:29:31+08:00 ] 119.123.134.191 GET /creatPicture
[ info ] dm.migu666.net/creatPicture [运行时间：0.030430s][吞吐率：32.86req/s] [内存消耗：1,781.84kb] [文件加载：36]
[ info ] [ LANG ] /www/web/migu666/thinkphp/lang/zh-cn.php
[ info ] [ ROUTE ] array (
  'type' => 'module',
  'module' => 
  array (
    0 => 'index',
    1 => 'LoginValidation',
    2 => 'creatPicture',
  ),
  'convert' => false,
)
[ info ] [ HEADER ] array (
  'host' => 'dm.migu666.net',
  'user-agent' => 'Mozilla/5.0 (Windows NT 6.1; WOW64) AppleWebKit/537.36 (KHTML, like Gecko) Chrome/72.0.3626.121 Safari/537.36',
  'accept' => 'image/webp,image/apng,image/*,*/*;q=0.8',
  'referer' => 'https://dm.migu666.net/',
  'accept-encoding' => 'gzip, deflate, br',
  'accept-language' => 'zh-CN,zh;q=0.9',
  'content-type' => '',
  'content-length' => '',
)
[ info ] [ PARAM ] array (
)
[ info ] [ RUN ] app\index\controller\LoginValidation->creatPicture[ /www/web/migu666/application/index/controller/LoginValidation.php ]
[ info ] [ SESSION ] INIT array (
  'id' => '',
  'var_session_id' => '',
  'prefix' => 'think',
  'type' => '',
  'auto_start' => true,
)
[ info ] [ LOG ] INIT File
---------------------------------------------------------------
[ 2019-05-07T23:29:31+08:00 ] 119.123.134.191 GET /static/imgs/img1.jpg
[ info ] dm.migu666.net/static/imgs/img1.jpg [运行时间：0.020124s][吞吐率：49.69req/s] [内存消耗：1,803.05kb] [文件加载：38]
[ info ] [ LANG ] /www/web/migu666/thinkphp/lang/zh-cn.php
[ info ] [ ROUTE ] array (
  'type' => 'module',
  'module' => 
  array (
    0 => '404',
    1 => NULL,
    2 => NULL,
  ),
)
[ info ] [ HEADER ] array (
  'host' => 'dm.migu666.net',
  'user-agent' => 'Mozilla/5.0 (Windows NT 6.1; WOW64) AppleWebKit/537.36 (KHTML, like Gecko) Chrome/72.0.3626.121 Safari/537.36',
  'accept' => 'image/webp,image/apng,image/*,*/*;q=0.8',
  'referer' => 'https://dm.migu666.net/',
  'accept-encoding' => 'gzip, deflate, br',
  'accept-language' => 'zh-CN,zh;q=0.9',
  'content-type' => '',
  'content-length' => '',
)
[ info ] [ PARAM ] array (
)
[ info ] [ LOG ] INIT File
---------------------------------------------------------------
[ 2019-05-07T23:29:31+08:00 ] 119.123.134.191 GET /static/imgs/img2.jpg
[ info ] dm.migu666.net/static/imgs/img2.jpg [运行时间：0.018237s][吞吐率：54.83req/s] [内存消耗：1,803.73kb] [文件加载：38]
[ info ] [ LANG ] /www/web/migu666/thinkphp/lang/zh-cn.php
[ info ] [ ROUTE ] array (
  'type' => 'module',
  'module' => 
  array (
    0 => '404',
    1 => NULL,
    2 => NULL,
  ),
)
[ info ] [ HEADER ] array (
  'host' => 'dm.migu666.net',
  'user-agent' => 'Mozilla/5.0 (Windows NT 6.1; WOW64) AppleWebKit/537.36 (KHTML, like Gecko) Chrome/72.0.3626.121 Safari/537.36',
  'accept' => 'image/webp,image/apng,image/*,*/*;q=0.8',
  'referer' => 'https://dm.migu666.net/',
  'accept-encoding' => 'gzip, deflate, br',
  'accept-language' => 'zh-CN,zh;q=0.9',
  'cookie' => 'PHPSESSID=8mpgn0iacgcad1m0jc94rpvpc2',
  'content-type' => '',
  'content-length' => '',
)
[ info ] [ PARAM ] array (
)
[ info ] [ LOG ] INIT File
---------------------------------------------------------------
[ 2019-05-07T23:29:31+08:00 ] 119.123.134.191 GET /static/imgs/img3.jpg
[ info ] dm.migu666.net/static/imgs/img3.jpg [运行时间：0.019624s][吞吐率：50.96req/s] [内存消耗：1,803.73kb] [文件加载：38]
[ info ] [ LANG ] /www/web/migu666/thinkphp/lang/zh-cn.php
[ info ] [ ROUTE ] array (
  'type' => 'module',
  'module' => 
  array (
    0 => '404',
    1 => NULL,
    2 => NULL,
  ),
)
[ info ] [ HEADER ] array (
  'host' => 'dm.migu666.net',
  'user-agent' => 'Mozilla/5.0 (Windows NT 6.1; WOW64) AppleWebKit/537.36 (KHTML, like Gecko) Chrome/72.0.3626.121 Safari/537.36',
  'accept' => 'image/webp,image/apng,image/*,*/*;q=0.8',
  'referer' => 'https://dm.migu666.net/',
  'accept-encoding' => 'gzip, deflate, br',
  'accept-language' => 'zh-CN,zh;q=0.9',
  'cookie' => 'PHPSESSID=8mpgn0iacgcad1m0jc94rpvpc2',
  'content-type' => '',
  'content-length' => '',
)
[ info ] [ PARAM ] array (
)
[ info ] [ LOG ] INIT File
---------------------------------------------------------------
[ 2019-05-07T23:29:31+08:00 ] 119.123.134.191 GET /static/imgs/ad/1.jpg
[ info ] dm.migu666.net/static/imgs/ad/1.jpg [运行时间：0.019805s][吞吐率：50.49req/s] [内存消耗：1,803.73kb] [文件加载：38]
[ info ] [ LANG ] /www/web/migu666/thinkphp/lang/zh-cn.php
[ info ] [ ROUTE ] array (
  'type' => 'module',
  'module' => 
  array (
    0 => '404',
    1 => NULL,
    2 => NULL,
  ),
)
[ info ] [ HEADER ] array (
  'host' => 'dm.migu666.net',
  'user-agent' => 'Mozilla/5.0 (Windows NT 6.1; WOW64) AppleWebKit/537.36 (KHTML, like Gecko) Chrome/72.0.3626.121 Safari/537.36',
  'accept' => 'image/webp,image/apng,image/*,*/*;q=0.8',
  'referer' => 'https://dm.migu666.net/',
  'accept-encoding' => 'gzip, deflate, br',
  'accept-language' => 'zh-CN,zh;q=0.9',
  'cookie' => 'PHPSESSID=8mpgn0iacgcad1m0jc94rpvpc2',
  'content-type' => '',
  'content-length' => '',
)
[ info ] [ PARAM ] array (
)
[ info ] [ LOG ] INIT File
---------------------------------------------------------------
[ 2019-05-07T23:29:32+08:00 ] 119.123.134.191 GET /static/imgs/footer/footer.jpg
[ info ] dm.migu666.net/static/imgs/footer/footer.jpg [运行时间：0.025331s][吞吐率：39.48req/s] [内存消耗：1,803.71kb] [文件加载：38]
[ info ] [ LANG ] /www/web/migu666/thinkphp/lang/zh-cn.php
[ info ] [ ROUTE ] array (
  'type' => 'module',
  'module' => 
  array (
    0 => '404',
    1 => NULL,
    2 => NULL,
  ),
)
[ info ] [ HEADER ] array (
  'host' => 'dm.migu666.net',
  'user-agent' => 'Mozilla/5.0 (Windows NT 6.1; WOW64) AppleWebKit/537.36 (KHTML, like Gecko) Chrome/72.0.3626.121 Safari/537.36',
  'accept' => 'image/webp,image/apng,image/*,*/*;q=0.8',
  'referer' => 'https://dm.migu666.net/static/css/same.css',
  'accept-encoding' => 'gzip, deflate, br',
  'accept-language' => 'zh-CN,zh;q=0.9',
  'cookie' => 'PHPSESSID=8mpgn0iacgcad1m0jc94rpvpc2',
  'content-type' => '',
  'content-length' => '',
)
[ info ] [ PARAM ] array (
)
[ info ] [ LOG ] INIT File
---------------------------------------------------------------
[ 2019-05-07T23:29:32+08:00 ] 119.123.134.191 GET /Load_Animations_Cover?_=1557242970933
[ info ] dm.migu666.net/Load_Animations_Cover?_=1557242970933 [运行时间：0.036251s][吞吐率：27.59req/s] [内存消耗：3,281.98kb] [文件加载：46]
[ info ] [ LANG ] /www/web/migu666/thinkphp/lang/zh-cn.php
[ info ] [ ROUTE ] array (
  'type' => 'module',
  'module' => 
  array (
    0 => 'index',
    1 => 'Ni',
    2 => 'Load_Animations_Cover',
  ),
  'convert' => false,
)
[ info ] [ HEADER ] array (
  'host' => 'dm.migu666.net',
  'accept' => 'application/json, text/javascript, */*; q=0.01',
  'x-requested-with' => 'XMLHttpRequest',
  'user-agent' => 'Mozilla/5.0 (Windows NT 6.1; WOW64) AppleWebKit/537.36 (KHTML, like Gecko) Chrome/72.0.3626.121 Safari/537.36',
  'referer' => 'https://dm.migu666.net/',
  'accept-encoding' => 'gzip, deflate, br',
  'accept-language' => 'zh-CN,zh;q=0.9',
  'cookie' => 'PHPSESSID=8mpgn0iacgcad1m0jc94rpvpc2',
  'content-type' => '',
  'content-length' => '',
)
[ info ] [ PARAM ] array (
  '_' => '1557242970933',
)
[ info ] [ RUN ] app\index\controller\Ni->Load_Animations_Cover[ /www/web/migu666/application/index/controller/Ni.php ]
[ info ] [ DB ] INIT mysql
[ info ] [ LOG ] INIT File
[ sql ] [ DB ] CONNECT:[ UseTime:0.001092s ] mysql:host=172.19.0.7;port=3306;dbname=cummanhua;charset=utf8
[ sql ] [ SQL ] SHOW COLUMNS FROM `animationscover` [ RunTime:0.001036s ]
[ sql ] [ SQL ] SELECT * FROM `animationscover` [ RunTime:0.000738s ]
[ sql ] [ SQL ] SHOW COLUMNS FROM `animationsdir` [ RunTime:0.000879s ]
[ sql ] [ SQL ] SELECT COUNT(cvdirid) AS tp_count FROM `animationsdir` WHERE  `cvdirid` = 1 LIMIT 1 [ RunTime:0.000957s ]
[ sql ] [ SQL ] SELECT COUNT(cvdirid) AS tp_count FROM `animationsdir` WHERE  `cvdirid` = 2 LIMIT 1 [ RunTime:0.000630s ]
---------------------------------------------------------------
[ 2019-05-07T23:29:32+08:00 ] 119.123.134.191 GET /load_comic?_=1557242970932
[ info ] dm.migu666.net/load_comic?_=1557242970932 [运行时间：0.040429s][吞吐率：24.73req/s] [内存消耗：3,228.66kb] [文件加载：45]
[ info ] [ LANG ] /www/web/migu666/thinkphp/lang/zh-cn.php
[ info ] [ ROUTE ] array (
  'type' => 'module',
  'module' => 
  array (
    0 => 'index',
    1 => 'Ni',
    2 => 'load_comic',
  ),
  'convert' => false,
)
[ info ] [ HEADER ] array (
  'host' => 'dm.migu666.net',
  'accept' => 'application/json, text/javascript, */*; q=0.01',
  'x-requested-with' => 'XMLHttpRequest',
  'user-agent' => 'Mozilla/5.0 (Windows NT 6.1; WOW64) AppleWebKit/537.36 (KHTML, like Gecko) Chrome/72.0.3626.121 Safari/537.36',
  'referer' => 'https://dm.migu666.net/',
  'accept-encoding' => 'gzip, deflate, br',
  'accept-language' => 'zh-CN,zh;q=0.9',
  'cookie' => 'PHPSESSID=8mpgn0iacgcad1m0jc94rpvpc2',
  'content-type' => '',
  'content-length' => '',
)
[ info ] [ PARAM ] array (
  '_' => '1557242970932',
)
[ info ] [ RUN ] app\index\controller\Ni->load_comic[ /www/web/migu666/application/index/controller/Ni.php ]
[ info ] [ DB ] INIT mysql
[ info ] [ LOG ] INIT File
[ sql ] [ DB ] CONNECT:[ UseTime:0.001135s ] mysql:host=172.19.0.7;port=3306;dbname=cummanhua;charset=utf8
[ sql ] [ SQL ] SHOW COLUMNS FROM `comic` [ RunTime:0.001992s ]
[ sql ] [ SQL ] SELECT * FROM `comic` [ RunTime:0.002894s ]
---------------------------------------------------------------
[ 2019-05-07T23:29:32+08:00 ] 119.123.134.191 GET /static/VideoCover/haizeiwang.jpg
[ info ] dm.migu666.net/static/VideoCover/haizeiwang.jpg [运行时间：0.021889s][吞吐率：45.69req/s] [内存消耗：1,803.62kb] [文件加载：38]
[ info ] [ LANG ] /www/web/migu666/thinkphp/lang/zh-cn.php
[ info ] [ ROUTE ] array (
  'type' => 'module',
  'module' => 
  array (
    0 => '404',
    1 => NULL,
    2 => NULL,
  ),
)
[ info ] [ HEADER ] array (
  'host' => 'dm.migu666.net',
  'user-agent' => 'Mozilla/5.0 (Windows NT 6.1; WOW64) AppleWebKit/537.36 (KHTML, like Gecko) Chrome/72.0.3626.121 Safari/537.36',
  'accept' => 'image/webp,image/apng,image/*,*/*;q=0.8',
  'referer' => 'https://dm.migu666.net/',
  'accept-encoding' => 'gzip, deflate, br',
  'accept-language' => 'zh-CN,zh;q=0.9',
  'cookie' => 'PHPSESSID=8mpgn0iacgcad1m0jc94rpvpc2',
  'content-type' => '',
  'content-length' => '',
)
[ info ] [ PARAM ] array (
)
[ info ] [ LOG ] INIT File
---------------------------------------------------------------
[ 2019-05-07T23:29:32+08:00 ] 119.123.134.191 GET /static/imgs/ico/ico.jpg
[ info ] dm.migu666.net/static/imgs/ico/ico.jpg [运行时间：0.020995s][吞吐率：47.63req/s] [内存消耗：1,803.41kb] [文件加载：38]
[ info ] [ LANG ] /www/web/migu666/thinkphp/lang/zh-cn.php
[ info ] [ ROUTE ] array (
  'type' => 'module',
  'module' => 
  array (
    0 => '404',
    1 => NULL,
    2 => NULL,
  ),
)
[ info ] [ HEADER ] array (
  'host' => 'dm.migu666.net',
  'user-agent' => 'Mozilla/5.0 (Windows NT 6.1; WOW64) AppleWebKit/537.36 (KHTML, like Gecko) Chrome/72.0.3626.121 Safari/537.36',
  'accept' => 'image/webp,image/apng,image/*,*/*;q=0.8',
  'referer' => 'https://dm.migu666.net/',
  'accept-encoding' => 'gzip, deflate, br',
  'accept-language' => 'zh-CN,zh;q=0.9',
  'cookie' => 'PHPSESSID=8mpgn0iacgcad1m0jc94rpvpc2',
  'content-type' => '',
  'content-length' => '',
)
[ info ] [ PARAM ] array (
)
[ info ] [ LOG ] INIT File
---------------------------------------------------------------
[ 2019-05-07T23:29:32+08:00 ] 119.123.134.191 GET /static/VideoCover/ruyizhuan.jpg
[ info ] dm.migu666.net/static/VideoCover/ruyizhuan.jpg [运行时间：0.031867s][吞吐率：31.38req/s] [内存消耗：1,803.62kb] [文件加载：38]
[ info ] [ LANG ] /www/web/migu666/thinkphp/lang/zh-cn.php
[ info ] [ ROUTE ] array (
  'type' => 'module',
  'module' => 
  array (
    0 => '404',
    1 => NULL,
    2 => NULL,
  ),
)
[ info ] [ HEADER ] array (
  'host' => 'dm.migu666.net',
  'user-agent' => 'Mozilla/5.0 (Windows NT 6.1; WOW64) AppleWebKit/537.36 (KHTML, like Gecko) Chrome/72.0.3626.121 Safari/537.36',
  'accept' => 'image/webp,image/apng,image/*,*/*;q=0.8',
  'referer' => 'https://dm.migu666.net/',
  'accept-encoding' => 'gzip, deflate, br',
  'accept-language' => 'zh-CN,zh;q=0.9',
  'cookie' => 'PHPSESSID=8mpgn0iacgcad1m0jc94rpvpc2',
  'content-type' => '',
  'content-length' => '',
)
[ info ] [ PARAM ] array (
)
[ info ] [ LOG ] INIT File
---------------------------------------------------------------
[ 2019-05-07T23:29:33+08:00 ] 119.123.134.191 GET /creatPicture
[ info ] dm.migu666.net/creatPicture [运行时间：0.022788s][吞吐率：43.88req/s] [内存消耗：1,782.34kb] [文件加载：36]
[ info ] [ LANG ] /www/web/migu666/thinkphp/lang/zh-cn.php
[ info ] [ ROUTE ] array (
  'type' => 'module',
  'module' => 
  array (
    0 => 'index',
    1 => 'LoginValidation',
    2 => 'creatPicture',
  ),
  'convert' => false,
)
[ info ] [ HEADER ] array (
  'host' => 'dm.migu666.net',
  'user-agent' => 'Mozilla/5.0 (Windows NT 6.1; WOW64) AppleWebKit/537.36 (KHTML, like Gecko) Chrome/72.0.3626.121 Safari/537.36',
  'accept' => 'image/webp,image/apng,image/*,*/*;q=0.8',
  'referer' => 'https://dm.migu666.net/',
  'accept-encoding' => 'gzip, deflate, br',
  'accept-language' => 'zh-CN,zh;q=0.9',
  'cookie' => 'PHPSESSID=8mpgn0iacgcad1m0jc94rpvpc2',
  'content-type' => '',
  'content-length' => '',
)
[ info ] [ PARAM ] array (
)
[ info ] [ RUN ] app\index\controller\LoginValidation->creatPicture[ /www/web/migu666/application/index/controller/LoginValidation.php ]
[ info ] [ SESSION ] INIT array (
  'id' => '',
  'var_session_id' => '',
  'prefix' => 'think',
  'type' => '',
  'auto_start' => true,
)
[ info ] [ LOG ] INIT File
---------------------------------------------------------------
[ 2019-05-07T23:30:14+08:00 ] 119.123.134.191 POST /register
[ info ] dm.migu666.net/register [运行时间：0.027344s][吞吐率：36.57req/s] [内存消耗：2,754.23kb] [文件加载：42]
[ info ] [ LANG ] /www/web/migu666/thinkphp/lang/zh-cn.php
[ info ] [ ROUTE ] array (
  'type' => 'module',
  'module' => 
  array (
    0 => 'index',
    1 => 'LoginValidation',
    2 => 'register',
  ),
  'convert' => false,
)
[ info ] [ HEADER ] array (
  'host' => 'dm.migu666.net',
  'content-length' => '70',
  'accept' => 'application/json, text/javascript, */*; q=0.01',
  'origin' => 'https://dm.migu666.net',
  'x-requested-with' => 'XMLHttpRequest',
  'user-agent' => 'Mozilla/5.0 (Windows NT 6.1; WOW64) AppleWebKit/537.36 (KHTML, like Gecko) Chrome/72.0.3626.121 Safari/537.36',
  'content-type' => 'application/x-www-form-urlencoded; charset=UTF-8',
  'referer' => 'https://dm.migu666.net/',
  'accept-encoding' => 'gzip, deflate, br',
  'accept-language' => 'zh-CN,zh;q=0.9',
  'cookie' => 'PHPSESSID=8mpgn0iacgcad1m0jc94rpvpc2',
)
[ info ] [ PARAM ] array (
  'acc' => '398207902',
  'pass' => '27947160',
  'email' => '398207902@QQ.com',
  'Verification' => 'vpxd',
)
[ info ] [ RUN ] app\index\controller\LoginValidation->register[ /www/web/migu666/application/index/controller/LoginValidation.php ]
[ info ] [ SESSION ] INIT array (
  'id' => '',
  'var_session_id' => '',
  'prefix' => 'think',
  'type' => '',
  'auto_start' => true,
)
[ info ] [ DB ] INIT mysql
[ info ] [ LOG ] INIT File
[ sql ] [ DB ] CONNECT:[ UseTime:0.001079s ] mysql:host=172.19.0.7;port=3306;dbname=cummanhua;charset=utf8
[ sql ] [ SQL ] SHOW COLUMNS FROM `user_msg` [ RunTime:0.001126s ]
[ sql ] [ SQL ] SELECT `email` FROM `user_msg` WHERE  `email` = '398207902@QQ.com' LIMIT 1 [ RunTime:0.000710s ]
---------------------------------------------------------------
[ 2019-05-07T23:43:29+08:00 ] 119.123.134.191 POST /register
[ info ] dm.migu666.net/register [运行时间：0.029548s][吞吐率：33.84req/s] [内存消耗：2,756.59kb] [文件加载：42]
[ info ] [ LANG ] /www/web/migu666/thinkphp/lang/zh-cn.php
[ info ] [ ROUTE ] array (
  'type' => 'module',
  'module' => 
  array (
    0 => 'index',
    1 => 'LoginValidation',
    2 => 'register',
  ),
  'convert' => false,
)
[ info ] [ HEADER ] array (
  'host' => 'dm.migu666.net',
  'content-length' => '70',
  'accept' => 'application/json, text/javascript, */*; q=0.01',
  'origin' => 'https://dm.migu666.net',
  'x-requested-with' => 'XMLHttpRequest',
  'user-agent' => 'Mozilla/5.0 (Windows NT 6.1; WOW64) AppleWebKit/537.36 (KHTML, like Gecko) Chrome/72.0.3626.121 Safari/537.36',
  'content-type' => 'application/x-www-form-urlencoded; charset=UTF-8',
  'referer' => 'https://dm.migu666.net/',
  'accept-encoding' => 'gzip, deflate, br',
  'accept-language' => 'zh-CN,zh;q=0.9',
  'cookie' => 'PHPSESSID=8mpgn0iacgcad1m0jc94rpvpc2',
)
[ info ] [ PARAM ] array (
  'acc' => '398207902',
  'pass' => '27947160',
  'email' => '398207902@QQ.com',
  'Verification' => 'vpxd',
)
[ info ] [ RUN ] app\index\controller\LoginValidation->register[ /www/web/migu666/application/index/controller/LoginValidation.php ]
[ info ] [ SESSION ] INIT array (
  'id' => '',
  'var_session_id' => '',
  'prefix' => 'think',
  'type' => '',
  'auto_start' => true,
)
[ info ] [ DB ] INIT mysql
[ info ] [ LOG ] INIT File
[ sql ] [ DB ] CONNECT:[ UseTime:0.001131s ] mysql:host=172.19.0.7;port=3306;dbname=cummanhua;charset=utf8
[ sql ] [ SQL ] SHOW COLUMNS FROM `user_msg` [ RunTime:0.001003s ]
[ sql ] [ SQL ] SELECT `username` FROM `user_msg` WHERE  `username` = '398207902' LIMIT 1 [ RunTime:0.000635s ]
[ sql ] [ SQL ] SELECT `email` FROM `user_msg` WHERE  `email` = '398207902@QQ.com' LIMIT 1 [ RunTime:0.000557s ]
---------------------------------------------------------------
[ 2019-05-07T23:43:49+08:00 ] 119.123.134.191 POST /register
[ info ] dm.migu666.net/register [运行时间：0.028173s][吞吐率：35.50req/s] [内存消耗：2,755.41kb] [文件加载：42]
[ info ] [ LANG ] /www/web/migu666/thinkphp/lang/zh-cn.php
[ info ] [ ROUTE ] array (
  'type' => 'module',
  'module' => 
  array (
    0 => 'index',
    1 => 'LoginValidation',
    2 => 'register',
  ),
  'convert' => false,
)
[ info ] [ HEADER ] array (
  'host' => 'dm.migu666.net',
  'content-length' => '70',
  'accept' => 'application/json, text/javascript, */*; q=0.01',
  'origin' => 'https://dm.migu666.net',
  'x-requested-with' => 'XMLHttpRequest',
  'user-agent' => 'Mozilla/5.0 (Windows NT 6.1; WOW64) AppleWebKit/537.36 (KHTML, like Gecko) Chrome/72.0.3626.121 Safari/537.36',
  'content-type' => 'application/x-www-form-urlencoded; charset=UTF-8',
  'referer' => 'https://dm.migu666.net/',
  'accept-encoding' => 'gzip, deflate, br',
  'accept-language' => 'zh-CN,zh;q=0.9',
  'cookie' => 'PHPSESSID=8mpgn0iacgcad1m0jc94rpvpc2',
)
[ info ] [ PARAM ] array (
  'acc' => 'Q27947160',
  'pass' => '27947160',
  'email' => '398207902@QQ.com',
  'Verification' => 'vpxd',
)
[ info ] [ RUN ] app\index\controller\LoginValidation->register[ /www/web/migu666/application/index/controller/LoginValidation.php ]
[ info ] [ SESSION ] INIT array (
  'id' => '',
  'var_session_id' => '',
  'prefix' => 'think',
  'type' => '',
  'auto_start' => true,
)
[ info ] [ DB ] INIT mysql
[ info ] [ LOG ] INIT File
[ sql ] [ DB ] CONNECT:[ UseTime:0.001054s ] mysql:host=172.19.0.7;port=3306;dbname=cummanhua;charset=utf8
[ sql ] [ SQL ] SHOW COLUMNS FROM `user_msg` [ RunTime:0.001053s ]
[ sql ] [ SQL ] SELECT `username` FROM `user_msg` WHERE  `username` = 'Q27947160' LIMIT 1 [ RunTime:0.000798s ]
---------------------------------------------------------------
[ 2019-05-07T23:43:56+08:00 ] 119.123.134.191 POST /register
[ info ] dm.migu666.net/register [运行时间：0.027378s][吞吐率：36.53req/s] [内存消耗：2,755.41kb] [文件加载：42]
[ info ] [ LANG ] /www/web/migu666/thinkphp/lang/zh-cn.php
[ info ] [ ROUTE ] array (
  'type' => 'module',
  'module' => 
  array (
    0 => 'index',
    1 => 'LoginValidation',
    2 => 'register',
  ),
  'convert' => false,
)
[ info ] [ HEADER ] array (
  'host' => 'dm.migu666.net',
  'content-length' => '70',
  'accept' => 'application/json, text/javascript, */*; q=0.01',
  'origin' => 'https://dm.migu666.net',
  'x-requested-with' => 'XMLHttpRequest',
  'user-agent' => 'Mozilla/5.0 (Windows NT 6.1; WOW64) AppleWebKit/537.36 (KHTML, like Gecko) Chrome/72.0.3626.121 Safari/537.36',
  'content-type' => 'application/x-www-form-urlencoded; charset=UTF-8',
  'referer' => 'https://dm.migu666.net/',
  'accept-encoding' => 'gzip, deflate, br',
  'accept-language' => 'zh-CN,zh;q=0.9',
  'cookie' => 'PHPSESSID=8mpgn0iacgcad1m0jc94rpvpc2',
)
[ info ] [ PARAM ] array (
  'acc' => 'Q27947160',
  'pass' => '27947160',
  'email' => '398207902@QQ.com',
  'Verification' => 'vpxd',
)
[ info ] [ RUN ] app\index\controller\LoginValidation->register[ /www/web/migu666/application/index/controller/LoginValidation.php ]
[ info ] [ SESSION ] INIT array (
  'id' => '',
  'var_session_id' => '',
  'prefix' => 'think',
  'type' => '',
  'auto_start' => true,
)
[ info ] [ DB ] INIT mysql
[ info ] [ LOG ] INIT File
[ sql ] [ DB ] CONNECT:[ UseTime:0.001138s ] mysql:host=172.19.0.7;port=3306;dbname=cummanhua;charset=utf8
[ sql ] [ SQL ] SHOW COLUMNS FROM `user_msg` [ RunTime:0.001076s ]
[ sql ] [ SQL ] SELECT `username` FROM `user_msg` WHERE  `username` = 'Q27947160' LIMIT 1 [ RunTime:0.000708s ]
---------------------------------------------------------------
[ 2019-05-07T23:43:57+08:00 ] 119.123.134.191 POST /register
[ info ] dm.migu666.net/register [运行时间：0.027331s][吞吐率：36.59req/s] [内存消耗：2,755.41kb] [文件加载：42]
[ info ] [ LANG ] /www/web/migu666/thinkphp/lang/zh-cn.php
[ info ] [ ROUTE ] array (
  'type' => 'module',
  'module' => 
  array (
    0 => 'index',
    1 => 'LoginValidation',
    2 => 'register',
  ),
  'convert' => false,
)
[ info ] [ HEADER ] array (
  'host' => 'dm.migu666.net',
  'content-length' => '70',
  'accept' => 'application/json, text/javascript, */*; q=0.01',
  'origin' => 'https://dm.migu666.net',
  'x-requested-with' => 'XMLHttpRequest',
  'user-agent' => 'Mozilla/5.0 (Windows NT 6.1; WOW64) AppleWebKit/537.36 (KHTML, like Gecko) Chrome/72.0.3626.121 Safari/537.36',
  'content-type' => 'application/x-www-form-urlencoded; charset=UTF-8',
  'referer' => 'https://dm.migu666.net/',
  'accept-encoding' => 'gzip, deflate, br',
  'accept-language' => 'zh-CN,zh;q=0.9',
  'cookie' => 'PHPSESSID=8mpgn0iacgcad1m0jc94rpvpc2',
)
[ info ] [ PARAM ] array (
  'acc' => 'Q27947160',
  'pass' => '27947160',
  'email' => '398207902@QQ.com',
  'Verification' => 'vpxd',
)
[ info ] [ RUN ] app\index\controller\LoginValidation->register[ /www/web/migu666/application/index/controller/LoginValidation.php ]
[ info ] [ SESSION ] INIT array (
  'id' => '',
  'var_session_id' => '',
  'prefix' => 'think',
  'type' => '',
  'auto_start' => true,
)
[ info ] [ DB ] INIT mysql
[ info ] [ LOG ] INIT File
[ sql ] [ DB ] CONNECT:[ UseTime:0.001210s ] mysql:host=172.19.0.7;port=3306;dbname=cummanhua;charset=utf8
[ sql ] [ SQL ] SHOW COLUMNS FROM `user_msg` [ RunTime:0.001078s ]
[ sql ] [ SQL ] SELECT `username` FROM `user_msg` WHERE  `username` = 'Q27947160' LIMIT 1 [ RunTime:0.000715s ]
---------------------------------------------------------------
[ 2019-05-07T23:43:58+08:00 ] 119.123.134.191 POST /register
[ info ] dm.migu666.net/register [运行时间：0.037044s][吞吐率：26.99req/s] [内存消耗：2,755.41kb] [文件加载：42]
[ info ] [ LANG ] /www/web/migu666/thinkphp/lang/zh-cn.php
[ info ] [ ROUTE ] array (
  'type' => 'module',
  'module' => 
  array (
    0 => 'index',
    1 => 'LoginValidation',
    2 => 'register',
  ),
  'convert' => false,
)
[ info ] [ HEADER ] array (
  'host' => 'dm.migu666.net',
  'content-length' => '70',
  'accept' => 'application/json, text/javascript, */*; q=0.01',
  'origin' => 'https://dm.migu666.net',
  'x-requested-with' => 'XMLHttpRequest',
  'user-agent' => 'Mozilla/5.0 (Windows NT 6.1; WOW64) AppleWebKit/537.36 (KHTML, like Gecko) Chrome/72.0.3626.121 Safari/537.36',
  'content-type' => 'application/x-www-form-urlencoded; charset=UTF-8',
  'referer' => 'https://dm.migu666.net/',
  'accept-encoding' => 'gzip, deflate, br',
  'accept-language' => 'zh-CN,zh;q=0.9',
  'cookie' => 'PHPSESSID=8mpgn0iacgcad1m0jc94rpvpc2',
)
[ info ] [ PARAM ] array (
  'acc' => 'Q27947160',
  'pass' => '27947160',
  'email' => '398207902@QQ.com',
  'Verification' => 'vpxd',
)
[ info ] [ RUN ] app\index\controller\LoginValidation->register[ /www/web/migu666/application/index/controller/LoginValidation.php ]
[ info ] [ SESSION ] INIT array (
  'id' => '',
  'var_session_id' => '',
  'prefix' => 'think',
  'type' => '',
  'auto_start' => true,
)
[ info ] [ DB ] INIT mysql
[ info ] [ LOG ] INIT File
[ sql ] [ DB ] CONNECT:[ UseTime:0.001167s ] mysql:host=172.19.0.7;port=3306;dbname=cummanhua;charset=utf8
[ sql ] [ SQL ] SHOW COLUMNS FROM `user_msg` [ RunTime:0.001212s ]
[ sql ] [ SQL ] SELECT `username` FROM `user_msg` WHERE  `username` = 'Q27947160' LIMIT 1 [ RunTime:0.000773s ]
---------------------------------------------------------------
[ 2019-05-07T23:43:59+08:00 ] 119.123.134.191 POST /register
[ info ] dm.migu666.net/register [运行时间：0.029999s][吞吐率：33.33req/s] [内存消耗：2,755.41kb] [文件加载：42]
[ info ] [ LANG ] /www/web/migu666/thinkphp/lang/zh-cn.php
[ info ] [ ROUTE ] array (
  'type' => 'module',
  'module' => 
  array (
    0 => 'index',
    1 => 'LoginValidation',
    2 => 'register',
  ),
  'convert' => false,
)
[ info ] [ HEADER ] array (
  'host' => 'dm.migu666.net',
  'content-length' => '70',
  'accept' => 'application/json, text/javascript, */*; q=0.01',
  'origin' => 'https://dm.migu666.net',
  'x-requested-with' => 'XMLHttpRequest',
  'user-agent' => 'Mozilla/5.0 (Windows NT 6.1; WOW64) AppleWebKit/537.36 (KHTML, like Gecko) Chrome/72.0.3626.121 Safari/537.36',
  'content-type' => 'application/x-www-form-urlencoded; charset=UTF-8',
  'referer' => 'https://dm.migu666.net/',
  'accept-encoding' => 'gzip, deflate, br',
  'accept-language' => 'zh-CN,zh;q=0.9',
  'cookie' => 'PHPSESSID=8mpgn0iacgcad1m0jc94rpvpc2',
)
[ info ] [ PARAM ] array (
  'acc' => 'Q27947160',
  'pass' => '27947160',
  'email' => '398207902@QQ.com',
  'Verification' => 'vpxd',
)
[ info ] [ RUN ] app\index\controller\LoginValidation->register[ /www/web/migu666/application/index/controller/LoginValidation.php ]
[ info ] [ SESSION ] INIT array (
  'id' => '',
  'var_session_id' => '',
  'prefix' => 'think',
  'type' => '',
  'auto_start' => true,
)
[ info ] [ DB ] INIT mysql
[ info ] [ LOG ] INIT File
[ sql ] [ DB ] CONNECT:[ UseTime:0.001086s ] mysql:host=172.19.0.7;port=3306;dbname=cummanhua;charset=utf8
[ sql ] [ SQL ] SHOW COLUMNS FROM `user_msg` [ RunTime:0.001015s ]
[ sql ] [ SQL ] SELECT `username` FROM `user_msg` WHERE  `username` = 'Q27947160' LIMIT 1 [ RunTime:0.000596s ]
---------------------------------------------------------------
[ 2019-05-07T23:44:00+08:00 ] 119.123.134.191 POST /register
[ info ] dm.migu666.net/register [运行时间：0.027665s][吞吐率：36.15req/s] [内存消耗：2,755.41kb] [文件加载：42]
[ info ] [ LANG ] /www/web/migu666/thinkphp/lang/zh-cn.php
[ info ] [ ROUTE ] array (
  'type' => 'module',
  'module' => 
  array (
    0 => 'index',
    1 => 'LoginValidation',
    2 => 'register',
  ),
  'convert' => false,
)
[ info ] [ HEADER ] array (
  'host' => 'dm.migu666.net',
  'content-length' => '70',
  'accept' => 'application/json, text/javascript, */*; q=0.01',
  'origin' => 'https://dm.migu666.net',
  'x-requested-with' => 'XMLHttpRequest',
  'user-agent' => 'Mozilla/5.0 (Windows NT 6.1; WOW64) AppleWebKit/537.36 (KHTML, like Gecko) Chrome/72.0.3626.121 Safari/537.36',
  'content-type' => 'application/x-www-form-urlencoded; charset=UTF-8',
  'referer' => 'https://dm.migu666.net/',
  'accept-encoding' => 'gzip, deflate, br',
  'accept-language' => 'zh-CN,zh;q=0.9',
  'cookie' => 'PHPSESSID=8mpgn0iacgcad1m0jc94rpvpc2',
)
[ info ] [ PARAM ] array (
  'acc' => 'Q27947160',
  'pass' => '27947160',
  'email' => '398207902@QQ.com',
  'Verification' => 'vpxd',
)
[ info ] [ RUN ] app\index\controller\LoginValidation->register[ /www/web/migu666/application/index/controller/LoginValidation.php ]
[ info ] [ SESSION ] INIT array (
  'id' => '',
  'var_session_id' => '',
  'prefix' => 'think',
  'type' => '',
  'auto_start' => true,
)
[ info ] [ DB ] INIT mysql
[ info ] [ LOG ] INIT File
[ sql ] [ DB ] CONNECT:[ UseTime:0.001122s ] mysql:host=172.19.0.7;port=3306;dbname=cummanhua;charset=utf8
[ sql ] [ SQL ] SHOW COLUMNS FROM `user_msg` [ RunTime:0.000942s ]
[ sql ] [ SQL ] SELECT `username` FROM `user_msg` WHERE  `username` = 'Q27947160' LIMIT 1 [ RunTime:0.000655s ]
---------------------------------------------------------------
[ 2019-05-07T23:44:00+08:00 ] 119.123.134.191 POST /register
[ info ] dm.migu666.net/register [运行时间：0.037809s][吞吐率：26.45req/s] [内存消耗：2,755.41kb] [文件加载：42]
[ info ] [ LANG ] /www/web/migu666/thinkphp/lang/zh-cn.php
[ info ] [ ROUTE ] array (
  'type' => 'module',
  'module' => 
  array (
    0 => 'index',
    1 => 'LoginValidation',
    2 => 'register',
  ),
  'convert' => false,
)
[ info ] [ HEADER ] array (
  'host' => 'dm.migu666.net',
  'content-length' => '70',
  'accept' => 'application/json, text/javascript, */*; q=0.01',
  'origin' => 'https://dm.migu666.net',
  'x-requested-with' => 'XMLHttpRequest',
  'user-agent' => 'Mozilla/5.0 (Windows NT 6.1; WOW64) AppleWebKit/537.36 (KHTML, like Gecko) Chrome/72.0.3626.121 Safari/537.36',
  'content-type' => 'application/x-www-form-urlencoded; charset=UTF-8',
  'referer' => 'https://dm.migu666.net/',
  'accept-encoding' => 'gzip, deflate, br',
  'accept-language' => 'zh-CN,zh;q=0.9',
  'cookie' => 'PHPSESSID=8mpgn0iacgcad1m0jc94rpvpc2',
)
[ info ] [ PARAM ] array (
  'acc' => 'Q27947160',
  'pass' => '27947160',
  'email' => '398207902@QQ.com',
  'Verification' => 'vpxd',
)
[ info ] [ RUN ] app\index\controller\LoginValidation->register[ /www/web/migu666/application/index/controller/LoginValidation.php ]
[ info ] [ SESSION ] INIT array (
  'id' => '',
  'var_session_id' => '',
  'prefix' => 'think',
  'type' => '',
  'auto_start' => true,
)
[ info ] [ DB ] INIT mysql
[ info ] [ LOG ] INIT File
[ sql ] [ DB ] CONNECT:[ UseTime:0.001270s ] mysql:host=172.19.0.7;port=3306;dbname=cummanhua;charset=utf8
[ sql ] [ SQL ] SHOW COLUMNS FROM `user_msg` [ RunTime:0.001236s ]
[ sql ] [ SQL ] SELECT `username` FROM `user_msg` WHERE  `username` = 'Q27947160' LIMIT 1 [ RunTime:0.000711s ]
---------------------------------------------------------------
[ 2019-05-07T23:44:01+08:00 ] 119.123.134.191 POST /register
[ info ] dm.migu666.net/register [运行时间：0.035297s][吞吐率：28.33req/s] [内存消耗：2,755.41kb] [文件加载：42]
[ info ] [ LANG ] /www/web/migu666/thinkphp/lang/zh-cn.php
[ info ] [ ROUTE ] array (
  'type' => 'module',
  'module' => 
  array (
    0 => 'index',
    1 => 'LoginValidation',
    2 => 'register',
  ),
  'convert' => false,
)
[ info ] [ HEADER ] array (
  'host' => 'dm.migu666.net',
  'content-length' => '70',
  'accept' => 'application/json, text/javascript, */*; q=0.01',
  'origin' => 'https://dm.migu666.net',
  'x-requested-with' => 'XMLHttpRequest',
  'user-agent' => 'Mozilla/5.0 (Windows NT 6.1; WOW64) AppleWebKit/537.36 (KHTML, like Gecko) Chrome/72.0.3626.121 Safari/537.36',
  'content-type' => 'application/x-www-form-urlencoded; charset=UTF-8',
  'referer' => 'https://dm.migu666.net/',
  'accept-encoding' => 'gzip, deflate, br',
  'accept-language' => 'zh-CN,zh;q=0.9',
  'cookie' => 'PHPSESSID=8mpgn0iacgcad1m0jc94rpvpc2',
)
[ info ] [ PARAM ] array (
  'acc' => 'Q27947160',
  'pass' => '27947160',
  'email' => '398207902@QQ.com',
  'Verification' => 'vpxd',
)
[ info ] [ RUN ] app\index\controller\LoginValidation->register[ /www/web/migu666/application/index/controller/LoginValidation.php ]
[ info ] [ SESSION ] INIT array (
  'id' => '',
  'var_session_id' => '',
  'prefix' => 'think',
  'type' => '',
  'auto_start' => true,
)
[ info ] [ DB ] INIT mysql
[ info ] [ LOG ] INIT File
[ sql ] [ DB ] CONNECT:[ UseTime:0.001199s ] mysql:host=172.19.0.7;port=3306;dbname=cummanhua;charset=utf8
[ sql ] [ SQL ] SHOW COLUMNS FROM `user_msg` [ RunTime:0.001135s ]
[ sql ] [ SQL ] SELECT `username` FROM `user_msg` WHERE  `username` = 'Q27947160' LIMIT 1 [ RunTime:0.002175s ]
---------------------------------------------------------------
[ 2019-05-07T23:44:02+08:00 ] 119.123.134.191 POST /register
[ info ] dm.migu666.net/register [运行时间：0.043407s][吞吐率：23.04req/s] [内存消耗：2,755.41kb] [文件加载：42]
[ info ] [ LANG ] /www/web/migu666/thinkphp/lang/zh-cn.php
[ info ] [ ROUTE ] array (
  'type' => 'module',
  'module' => 
  array (
    0 => 'index',
    1 => 'LoginValidation',
    2 => 'register',
  ),
  'convert' => false,
)
[ info ] [ HEADER ] array (
  'host' => 'dm.migu666.net',
  'content-length' => '70',
  'accept' => 'application/json, text/javascript, */*; q=0.01',
  'origin' => 'https://dm.migu666.net',
  'x-requested-with' => 'XMLHttpRequest',
  'user-agent' => 'Mozilla/5.0 (Windows NT 6.1; WOW64) AppleWebKit/537.36 (KHTML, like Gecko) Chrome/72.0.3626.121 Safari/537.36',
  'content-type' => 'application/x-www-form-urlencoded; charset=UTF-8',
  'referer' => 'https://dm.migu666.net/',
  'accept-encoding' => 'gzip, deflate, br',
  'accept-language' => 'zh-CN,zh;q=0.9',
  'cookie' => 'PHPSESSID=8mpgn0iacgcad1m0jc94rpvpc2',
)
[ info ] [ PARAM ] array (
  'acc' => 'Q27947160',
  'pass' => '27947160',
  'email' => '398207902@QQ.com',
  'Verification' => 'vpxd',
)
[ info ] [ RUN ] app\index\controller\LoginValidation->register[ /www/web/migu666/application/index/controller/LoginValidation.php ]
[ info ] [ SESSION ] INIT array (
  'id' => '',
  'var_session_id' => '',
  'prefix' => 'think',
  'type' => '',
  'auto_start' => true,
)
[ info ] [ DB ] INIT mysql
[ info ] [ LOG ] INIT File
[ sql ] [ DB ] CONNECT:[ UseTime:0.001279s ] mysql:host=172.19.0.7;port=3306;dbname=cummanhua;charset=utf8
[ sql ] [ SQL ] SHOW COLUMNS FROM `user_msg` [ RunTime:0.001701s ]
[ sql ] [ SQL ] SELECT `username` FROM `user_msg` WHERE  `username` = 'Q27947160' LIMIT 1 [ RunTime:0.001382s ]
---------------------------------------------------------------
[ 2019-05-07T23:44:02+08:00 ] 119.123.134.191 POST /register
[ info ] dm.migu666.net/register [运行时间：0.028127s][吞吐率：35.55req/s] [内存消耗：2,755.41kb] [文件加载：42]
[ info ] [ LANG ] /www/web/migu666/thinkphp/lang/zh-cn.php
[ info ] [ ROUTE ] array (
  'type' => 'module',
  'module' => 
  array (
    0 => 'index',
    1 => 'LoginValidation',
    2 => 'register',
  ),
  'convert' => false,
)
[ info ] [ HEADER ] array (
  'host' => 'dm.migu666.net',
  'content-length' => '70',
  'accept' => 'application/json, text/javascript, */*; q=0.01',
  'origin' => 'https://dm.migu666.net',
  'x-requested-with' => 'XMLHttpRequest',
  'user-agent' => 'Mozilla/5.0 (Windows NT 6.1; WOW64) AppleWebKit/537.36 (KHTML, like Gecko) Chrome/72.0.3626.121 Safari/537.36',
  'content-type' => 'application/x-www-form-urlencoded; charset=UTF-8',
  'referer' => 'https://dm.migu666.net/',
  'accept-encoding' => 'gzip, deflate, br',
  'accept-language' => 'zh-CN,zh;q=0.9',
  'cookie' => 'PHPSESSID=8mpgn0iacgcad1m0jc94rpvpc2',
)
[ info ] [ PARAM ] array (
  'acc' => 'Q27947160',
  'pass' => '27947160',
  'email' => '398207902@QQ.com',
  'Verification' => 'vpxd',
)
[ info ] [ RUN ] app\index\controller\LoginValidation->register[ /www/web/migu666/application/index/controller/LoginValidation.php ]
[ info ] [ SESSION ] INIT array (
  'id' => '',
  'var_session_id' => '',
  'prefix' => 'think',
  'type' => '',
  'auto_start' => true,
)
[ info ] [ DB ] INIT mysql
[ info ] [ LOG ] INIT File
[ sql ] [ DB ] CONNECT:[ UseTime:0.002207s ] mysql:host=172.19.0.7;port=3306;dbname=cummanhua;charset=utf8
[ sql ] [ SQL ] SHOW COLUMNS FROM `user_msg` [ RunTime:0.001069s ]
[ sql ] [ SQL ] SELECT `username` FROM `user_msg` WHERE  `username` = 'Q27947160' LIMIT 1 [ RunTime:0.001426s ]
---------------------------------------------------------------
[ 2019-05-07T23:44:03+08:00 ] 119.123.134.191 POST /register
[ info ] dm.migu666.net/register [运行时间：0.028875s][吞吐率：34.63req/s] [内存消耗：2,755.41kb] [文件加载：42]
[ info ] [ LANG ] /www/web/migu666/thinkphp/lang/zh-cn.php
[ info ] [ ROUTE ] array (
  'type' => 'module',
  'module' => 
  array (
    0 => 'index',
    1 => 'LoginValidation',
    2 => 'register',
  ),
  'convert' => false,
)
[ info ] [ HEADER ] array (
  'host' => 'dm.migu666.net',
  'content-length' => '70',
  'accept' => 'application/json, text/javascript, */*; q=0.01',
  'origin' => 'https://dm.migu666.net',
  'x-requested-with' => 'XMLHttpRequest',
  'user-agent' => 'Mozilla/5.0 (Windows NT 6.1; WOW64) AppleWebKit/537.36 (KHTML, like Gecko) Chrome/72.0.3626.121 Safari/537.36',
  'content-type' => 'application/x-www-form-urlencoded; charset=UTF-8',
  'referer' => 'https://dm.migu666.net/',
  'accept-encoding' => 'gzip, deflate, br',
  'accept-language' => 'zh-CN,zh;q=0.9',
  'cookie' => 'PHPSESSID=8mpgn0iacgcad1m0jc94rpvpc2',
)
[ info ] [ PARAM ] array (
  'acc' => 'Q27947160',
  'pass' => '27947160',
  'email' => '398207902@QQ.com',
  'Verification' => 'vpxd',
)
[ info ] [ RUN ] app\index\controller\LoginValidation->register[ /www/web/migu666/application/index/controller/LoginValidation.php ]
[ info ] [ SESSION ] INIT array (
  'id' => '',
  'var_session_id' => '',
  'prefix' => 'think',
  'type' => '',
  'auto_start' => true,
)
[ info ] [ DB ] INIT mysql
[ info ] [ LOG ] INIT File
[ sql ] [ DB ] CONNECT:[ UseTime:0.001819s ] mysql:host=172.19.0.7;port=3306;dbname=cummanhua;charset=utf8
[ sql ] [ SQL ] SHOW COLUMNS FROM `user_msg` [ RunTime:0.001674s ]
[ sql ] [ SQL ] SELECT `username` FROM `user_msg` WHERE  `username` = 'Q27947160' LIMIT 1 [ RunTime:0.000748s ]
---------------------------------------------------------------
[ 2019-05-07T23:44:03+08:00 ] 119.123.134.191 POST /register
[ info ] dm.migu666.net/register [运行时间：0.034665s][吞吐率：28.85req/s] [内存消耗：2,755.41kb] [文件加载：42]
[ info ] [ LANG ] /www/web/migu666/thinkphp/lang/zh-cn.php
[ info ] [ ROUTE ] array (
  'type' => 'module',
  'module' => 
  array (
    0 => 'index',
    1 => 'LoginValidation',
    2 => 'register',
  ),
  'convert' => false,
)
[ info ] [ HEADER ] array (
  'host' => 'dm.migu666.net',
  'content-length' => '70',
  'accept' => 'application/json, text/javascript, */*; q=0.01',
  'origin' => 'https://dm.migu666.net',
  'x-requested-with' => 'XMLHttpRequest',
  'user-agent' => 'Mozilla/5.0 (Windows NT 6.1; WOW64) AppleWebKit/537.36 (KHTML, like Gecko) Chrome/72.0.3626.121 Safari/537.36',
  'content-type' => 'application/x-www-form-urlencoded; charset=UTF-8',
  'referer' => 'https://dm.migu666.net/',
  'accept-encoding' => 'gzip, deflate, br',
  'accept-language' => 'zh-CN,zh;q=0.9',
  'cookie' => 'PHPSESSID=8mpgn0iacgcad1m0jc94rpvpc2',
)
[ info ] [ PARAM ] array (
  'acc' => 'Q27947160',
  'pass' => '27947160',
  'email' => '398207902@QQ.com',
  'Verification' => 'vpxd',
)
[ info ] [ RUN ] app\index\controller\LoginValidation->register[ /www/web/migu666/application/index/controller/LoginValidation.php ]
[ info ] [ SESSION ] INIT array (
  'id' => '',
  'var_session_id' => '',
  'prefix' => 'think',
  'type' => '',
  'auto_start' => true,
)
[ info ] [ DB ] INIT mysql
[ info ] [ LOG ] INIT File
[ sql ] [ DB ] CONNECT:[ UseTime:0.001104s ] mysql:host=172.19.0.7;port=3306;dbname=cummanhua;charset=utf8
[ sql ] [ SQL ] SHOW COLUMNS FROM `user_msg` [ RunTime:0.001009s ]
[ sql ] [ SQL ] SELECT `username` FROM `user_msg` WHERE  `username` = 'Q27947160' LIMIT 1 [ RunTime:0.000621s ]
---------------------------------------------------------------
[ 2019-05-07T23:44:03+08:00 ] 119.123.134.191 POST /register
[ info ] dm.migu666.net/register [运行时间：0.027581s][吞吐率：36.26req/s] [内存消耗：2,755.41kb] [文件加载：42]
[ info ] [ LANG ] /www/web/migu666/thinkphp/lang/zh-cn.php
[ info ] [ ROUTE ] array (
  'type' => 'module',
  'module' => 
  array (
    0 => 'index',
    1 => 'LoginValidation',
    2 => 'register',
  ),
  'convert' => false,
)
[ info ] [ HEADER ] array (
  'host' => 'dm.migu666.net',
  'content-length' => '70',
  'accept' => 'application/json, text/javascript, */*; q=0.01',
  'origin' => 'https://dm.migu666.net',
  'x-requested-with' => 'XMLHttpRequest',
  'user-agent' => 'Mozilla/5.0 (Windows NT 6.1; WOW64) AppleWebKit/537.36 (KHTML, like Gecko) Chrome/72.0.3626.121 Safari/537.36',
  'content-type' => 'application/x-www-form-urlencoded; charset=UTF-8',
  'referer' => 'https://dm.migu666.net/',
  'accept-encoding' => 'gzip, deflate, br',
  'accept-language' => 'zh-CN,zh;q=0.9',
  'cookie' => 'PHPSESSID=8mpgn0iacgcad1m0jc94rpvpc2',
)
[ info ] [ PARAM ] array (
  'acc' => 'Q27947160',
  'pass' => '27947160',
  'email' => '398207902@QQ.com',
  'Verification' => 'vpxd',
)
[ info ] [ RUN ] app\index\controller\LoginValidation->register[ /www/web/migu666/application/index/controller/LoginValidation.php ]
[ info ] [ SESSION ] INIT array (
  'id' => '',
  'var_session_id' => '',
  'prefix' => 'think',
  'type' => '',
  'auto_start' => true,
)
[ info ] [ DB ] INIT mysql
[ info ] [ LOG ] INIT File
[ sql ] [ DB ] CONNECT:[ UseTime:0.001056s ] mysql:host=172.19.0.7;port=3306;dbname=cummanhua;charset=utf8
[ sql ] [ SQL ] SHOW COLUMNS FROM `user_msg` [ RunTime:0.001064s ]
[ sql ] [ SQL ] SELECT `username` FROM `user_msg` WHERE  `username` = 'Q27947160' LIMIT 1 [ RunTime:0.000598s ]
---------------------------------------------------------------
[ 2019-05-07T23:44:03+08:00 ] 119.123.134.191 POST /register
[ info ] dm.migu666.net/register [运行时间：0.029078s][吞吐率：34.39req/s] [内存消耗：2,755.41kb] [文件加载：42]
[ info ] [ LANG ] /www/web/migu666/thinkphp/lang/zh-cn.php
[ info ] [ ROUTE ] array (
  'type' => 'module',
  'module' => 
  array (
    0 => 'index',
    1 => 'LoginValidation',
    2 => 'register',
  ),
  'convert' => false,
)
[ info ] [ HEADER ] array (
  'host' => 'dm.migu666.net',
  'content-length' => '70',
  'accept' => 'application/json, text/javascript, */*; q=0.01',
  'origin' => 'https://dm.migu666.net',
  'x-requested-with' => 'XMLHttpRequest',
  'user-agent' => 'Mozilla/5.0 (Windows NT 6.1; WOW64) AppleWebKit/537.36 (KHTML, like Gecko) Chrome/72.0.3626.121 Safari/537.36',
  'content-type' => 'application/x-www-form-urlencoded; charset=UTF-8',
  'referer' => 'https://dm.migu666.net/',
  'accept-encoding' => 'gzip, deflate, br',
  'accept-language' => 'zh-CN,zh;q=0.9',
  'cookie' => 'PHPSESSID=8mpgn0iacgcad1m0jc94rpvpc2',
)
[ info ] [ PARAM ] array (
  'acc' => 'Q27947160',
  'pass' => '27947160',
  'email' => '398207902@QQ.com',
  'Verification' => 'vpxd',
)
[ info ] [ RUN ] app\index\controller\LoginValidation->register[ /www/web/migu666/application/index/controller/LoginValidation.php ]
[ info ] [ SESSION ] INIT array (
  'id' => '',
  'var_session_id' => '',
  'prefix' => 'think',
  'type' => '',
  'auto_start' => true,
)
[ info ] [ DB ] INIT mysql
[ info ] [ LOG ] INIT File
[ sql ] [ DB ] CONNECT:[ UseTime:0.001232s ] mysql:host=172.19.0.7;port=3306;dbname=cummanhua;charset=utf8
[ sql ] [ SQL ] SHOW COLUMNS FROM `user_msg` [ RunTime:0.000999s ]
[ sql ] [ SQL ] SELECT `username` FROM `user_msg` WHERE  `username` = 'Q27947160' LIMIT 1 [ RunTime:0.000712s ]
---------------------------------------------------------------
[ 2019-05-07T23:44:04+08:00 ] 119.123.134.191 POST /register
[ info ] dm.migu666.net/register [运行时间：0.031990s][吞吐率：31.26req/s] [内存消耗：2,755.41kb] [文件加载：42]
[ info ] [ LANG ] /www/web/migu666/thinkphp/lang/zh-cn.php
[ info ] [ ROUTE ] array (
  'type' => 'module',
  'module' => 
  array (
    0 => 'index',
    1 => 'LoginValidation',
    2 => 'register',
  ),
  'convert' => false,
)
[ info ] [ HEADER ] array (
  'host' => 'dm.migu666.net',
  'content-length' => '70',
  'accept' => 'application/json, text/javascript, */*; q=0.01',
  'origin' => 'https://dm.migu666.net',
  'x-requested-with' => 'XMLHttpRequest',
  'user-agent' => 'Mozilla/5.0 (Windows NT 6.1; WOW64) AppleWebKit/537.36 (KHTML, like Gecko) Chrome/72.0.3626.121 Safari/537.36',
  'content-type' => 'application/x-www-form-urlencoded; charset=UTF-8',
  'referer' => 'https://dm.migu666.net/',
  'accept-encoding' => 'gzip, deflate, br',
  'accept-language' => 'zh-CN,zh;q=0.9',
  'cookie' => 'PHPSESSID=8mpgn0iacgcad1m0jc94rpvpc2',
)
[ info ] [ PARAM ] array (
  'acc' => 'Q27947160',
  'pass' => '27947160',
  'email' => '398207902@QQ.com',
  'Verification' => 'vpxd',
)
[ info ] [ RUN ] app\index\controller\LoginValidation->register[ /www/web/migu666/application/index/controller/LoginValidation.php ]
[ info ] [ SESSION ] INIT array (
  'id' => '',
  'var_session_id' => '',
  'prefix' => 'think',
  'type' => '',
  'auto_start' => true,
)
[ info ] [ DB ] INIT mysql
[ info ] [ LOG ] INIT File
[ sql ] [ DB ] CONNECT:[ UseTime:0.001200s ] mysql:host=172.19.0.7;port=3306;dbname=cummanhua;charset=utf8
[ sql ] [ SQL ] SHOW COLUMNS FROM `user_msg` [ RunTime:0.001061s ]
[ sql ] [ SQL ] SELECT `username` FROM `user_msg` WHERE  `username` = 'Q27947160' LIMIT 1 [ RunTime:0.000830s ]
---------------------------------------------------------------
[ 2019-05-07T23:44:04+08:00 ] 119.123.134.191 POST /register
[ info ] dm.migu666.net/register [运行时间：0.030958s][吞吐率：32.30req/s] [内存消耗：2,755.41kb] [文件加载：42]
[ info ] [ LANG ] /www/web/migu666/thinkphp/lang/zh-cn.php
[ info ] [ ROUTE ] array (
  'type' => 'module',
  'module' => 
  array (
    0 => 'index',
    1 => 'LoginValidation',
    2 => 'register',
  ),
  'convert' => false,
)
[ info ] [ HEADER ] array (
  'host' => 'dm.migu666.net',
  'content-length' => '70',
  'accept' => 'application/json, text/javascript, */*; q=0.01',
  'origin' => 'https://dm.migu666.net',
  'x-requested-with' => 'XMLHttpRequest',
  'user-agent' => 'Mozilla/5.0 (Windows NT 6.1; WOW64) AppleWebKit/537.36 (KHTML, like Gecko) Chrome/72.0.3626.121 Safari/537.36',
  'content-type' => 'application/x-www-form-urlencoded; charset=UTF-8',
  'referer' => 'https://dm.migu666.net/',
  'accept-encoding' => 'gzip, deflate, br',
  'accept-language' => 'zh-CN,zh;q=0.9',
  'cookie' => 'PHPSESSID=8mpgn0iacgcad1m0jc94rpvpc2',
)
[ info ] [ PARAM ] array (
  'acc' => 'Q27947160',
  'pass' => '27947160',
  'email' => '398207902@QQ.com',
  'Verification' => 'vpxd',
)
[ info ] [ RUN ] app\index\controller\LoginValidation->register[ /www/web/migu666/application/index/controller/LoginValidation.php ]
[ info ] [ SESSION ] INIT array (
  'id' => '',
  'var_session_id' => '',
  'prefix' => 'think',
  'type' => '',
  'auto_start' => true,
)
[ info ] [ DB ] INIT mysql
[ info ] [ LOG ] INIT File
[ sql ] [ DB ] CONNECT:[ UseTime:0.001554s ] mysql:host=172.19.0.7;port=3306;dbname=cummanhua;charset=utf8
[ sql ] [ SQL ] SHOW COLUMNS FROM `user_msg` [ RunTime:0.001085s ]
[ sql ] [ SQL ] SELECT `username` FROM `user_msg` WHERE  `username` = 'Q27947160' LIMIT 1 [ RunTime:0.000685s ]
---------------------------------------------------------------
[ 2019-05-07T23:44:04+08:00 ] 119.123.134.191 POST /register
[ info ] dm.migu666.net/register [运行时间：0.030843s][吞吐率：32.42req/s] [内存消耗：2,755.41kb] [文件加载：42]
[ info ] [ LANG ] /www/web/migu666/thinkphp/lang/zh-cn.php
[ info ] [ ROUTE ] array (
  'type' => 'module',
  'module' => 
  array (
    0 => 'index',
    1 => 'LoginValidation',
    2 => 'register',
  ),
  'convert' => false,
)
[ info ] [ HEADER ] array (
  'host' => 'dm.migu666.net',
  'content-length' => '70',
  'accept' => 'application/json, text/javascript, */*; q=0.01',
  'origin' => 'https://dm.migu666.net',
  'x-requested-with' => 'XMLHttpRequest',
  'user-agent' => 'Mozilla/5.0 (Windows NT 6.1; WOW64) AppleWebKit/537.36 (KHTML, like Gecko) Chrome/72.0.3626.121 Safari/537.36',
  'content-type' => 'application/x-www-form-urlencoded; charset=UTF-8',
  'referer' => 'https://dm.migu666.net/',
  'accept-encoding' => 'gzip, deflate, br',
  'accept-language' => 'zh-CN,zh;q=0.9',
  'cookie' => 'PHPSESSID=8mpgn0iacgcad1m0jc94rpvpc2',
)
[ info ] [ PARAM ] array (
  'acc' => 'Q27947160',
  'pass' => '27947160',
  'email' => '398207902@QQ.com',
  'Verification' => 'vpxd',
)
[ info ] [ RUN ] app\index\controller\LoginValidation->register[ /www/web/migu666/application/index/controller/LoginValidation.php ]
[ info ] [ SESSION ] INIT array (
  'id' => '',
  'var_session_id' => '',
  'prefix' => 'think',
  'type' => '',
  'auto_start' => true,
)
[ info ] [ DB ] INIT mysql
[ info ] [ LOG ] INIT File
[ sql ] [ DB ] CONNECT:[ UseTime:0.001139s ] mysql:host=172.19.0.7;port=3306;dbname=cummanhua;charset=utf8
[ sql ] [ SQL ] SHOW COLUMNS FROM `user_msg` [ RunTime:0.000981s ]
[ sql ] [ SQL ] SELECT `username` FROM `user_msg` WHERE  `username` = 'Q27947160' LIMIT 1 [ RunTime:0.000784s ]
---------------------------------------------------------------
[ 2019-05-07T23:53:37+08:00 ] 119.123.134.191 GET /creatPicture
[ info ] dm.migu666.net/creatPicture [运行时间：0.021025s][吞吐率：47.56req/s] [内存消耗：1,783.89kb] [文件加载：36]
[ info ] [ LANG ] /www/web/migu666/thinkphp/lang/zh-cn.php
[ info ] [ ROUTE ] array (
  'type' => 'module',
  'module' => 
  array (
    0 => 'index',
    1 => 'LoginValidation',
    2 => 'creatPicture',
  ),
  'convert' => false,
)
[ info ] [ HEADER ] array (
  'host' => 'dm.migu666.net',
  'user-agent' => 'Mozilla/5.0 (Windows NT 6.1; WOW64) AppleWebKit/537.36 (KHTML, like Gecko) Chrome/72.0.3626.121 Safari/537.36',
  'accept' => 'image/webp,image/apng,image/*,*/*;q=0.8',
  'referer' => 'https://dm.migu666.net/',
  'accept-encoding' => 'gzip, deflate, br',
  'accept-language' => 'zh-CN,zh;q=0.9',
  'cookie' => 'PHPSESSID=8mpgn0iacgcad1m0jc94rpvpc2',
  'content-type' => '',
  'content-length' => '',
)
[ info ] [ PARAM ] array (
)
[ info ] [ RUN ] app\index\controller\LoginValidation->creatPicture[ /www/web/migu666/application/index/controller/LoginValidation.php ]
[ info ] [ SESSION ] INIT array (
  'id' => '',
  'var_session_id' => '',
  'prefix' => 'think',
  'type' => '',
  'auto_start' => true,
)
[ info ] [ LOG ] INIT File
---------------------------------------------------------------
[ 2019-05-07T23:53:38+08:00 ] 119.123.134.191 GET /forgetpwd
[ info ] dm.migu666.net/forgetpwd [运行时间：0.022840s][吞吐率：43.78req/s] [内存消耗：2,227.89kb] [文件加载：43]
[ info ] [ LANG ] /www/web/migu666/thinkphp/lang/zh-cn.php
[ info ] [ ROUTE ] array (
  'type' => 'module',
  'module' => 
  array (
    0 => 'index',
    1 => 'LoadView',
    2 => 'forgetpwd',
  ),
  'convert' => false,
)
[ info ] [ HEADER ] array (
  'host' => 'dm.migu666.net',
  'upgrade-insecure-requests' => '1',
  'user-agent' => 'Mozilla/5.0 (Windows NT 6.1; WOW64) AppleWebKit/537.36 (KHTML, like Gecko) Chrome/72.0.3626.121 Safari/537.36',
  'accept' => 'text/html,application/xhtml+xml,application/xml;q=0.9,image/webp,image/apng,*/*;q=0.8',
  'referer' => 'https://dm.migu666.net/',
  'accept-encoding' => 'gzip, deflate, br',
  'accept-language' => 'zh-CN,zh;q=0.9',
  'cookie' => 'PHPSESSID=8mpgn0iacgcad1m0jc94rpvpc2',
  'content-type' => '',
  'content-length' => '',
)
[ info ] [ PARAM ] array (
)
[ info ] [ RUN ] app\index\controller\LoadView->forgetpwd[ /www/web/migu666/application/index/controller/LoadView.php ]
[ info ] [ VIEW ] /www/web/migu666/public/../application/index/view/comic/forgetpwd.html [ array (
) ]
[ info ] [ LOG ] INIT File
---------------------------------------------------------------
[ 2019-05-07T23:53:38+08:00 ] 119.123.134.191 GET /creatPicture
[ info ] dm.migu666.net/creatPicture [运行时间：0.018895s][吞吐率：52.92req/s] [内存消耗：1,783.53kb] [文件加载：36]
[ info ] [ LANG ] /www/web/migu666/thinkphp/lang/zh-cn.php
[ info ] [ ROUTE ] array (
  'type' => 'module',
  'module' => 
  array (
    0 => 'index',
    1 => 'LoginValidation',
    2 => 'creatPicture',
  ),
  'convert' => false,
)
[ info ] [ HEADER ] array (
  'host' => 'dm.migu666.net',
  'user-agent' => 'Mozilla/5.0 (Windows NT 6.1; WOW64) AppleWebKit/537.36 (KHTML, like Gecko) Chrome/72.0.3626.121 Safari/537.36',
  'accept' => 'image/webp,image/apng,image/*,*/*;q=0.8',
  'referer' => 'https://dm.migu666.net/forgetpwd',
  'accept-encoding' => 'gzip, deflate, br',
  'accept-language' => 'zh-CN,zh;q=0.9',
  'cookie' => 'PHPSESSID=8mpgn0iacgcad1m0jc94rpvpc2',
  'content-type' => '',
  'content-length' => '',
)
[ info ] [ PARAM ] array (
)
[ info ] [ RUN ] app\index\controller\LoginValidation->creatPicture[ /www/web/migu666/application/index/controller/LoginValidation.php ]
[ info ] [ SESSION ] INIT array (
  'id' => '',
  'var_session_id' => '',
  'prefix' => 'think',
  'type' => '',
  'auto_start' => true,
)
[ info ] [ LOG ] INIT File
---------------------------------------------------------------
[ 2019-05-07T23:54:39+08:00 ] 119.123.134.191 GET /creatPicture?1557244478025
[ info ] dm.migu666.net/creatPicture?1557244478025 [运行时间：0.022628s][吞吐率：44.19req/s] [内存消耗：1,784.13kb] [文件加载：36]
[ info ] [ LANG ] /www/web/migu666/thinkphp/lang/zh-cn.php
[ info ] [ ROUTE ] array (
  'type' => 'module',
  'module' => 
  array (
    0 => 'index',
    1 => 'LoginValidation',
    2 => 'creatPicture',
  ),
  'convert' => false,
)
[ info ] [ HEADER ] array (
  'host' => 'dm.migu666.net',
  'user-agent' => 'Mozilla/5.0 (Windows NT 6.1; WOW64) AppleWebKit/537.36 (KHTML, like Gecko) Chrome/72.0.3626.121 Safari/537.36',
  'accept' => 'image/webp,image/apng,image/*,*/*;q=0.8',
  'referer' => 'https://dm.migu666.net/forgetpwd',
  'accept-encoding' => 'gzip, deflate, br',
  'accept-language' => 'zh-CN,zh;q=0.9',
  'cookie' => 'PHPSESSID=8mpgn0iacgcad1m0jc94rpvpc2',
  'content-type' => '',
  'content-length' => '',
)
[ info ] [ PARAM ] array (
  0 => '',
)
[ info ] [ RUN ] app\index\controller\LoginValidation->creatPicture[ /www/web/migu666/application/index/controller/LoginValidation.php ]
[ info ] [ SESSION ] INIT array (
  'id' => '',
  'var_session_id' => '',
  'prefix' => 'think',
  'type' => '',
  'auto_start' => true,
)
[ info ] [ LOG ] INIT File
---------------------------------------------------------------
[ 2019-05-07T23:54:39+08:00 ] 119.123.134.191 GET /creatPicture?1557244478776
[ info ] dm.migu666.net/creatPicture?1557244478776 [运行时间：0.020637s][吞吐率：48.46req/s] [内存消耗：1,784.13kb] [文件加载：36]
[ info ] [ LANG ] /www/web/migu666/thinkphp/lang/zh-cn.php
[ info ] [ ROUTE ] array (
  'type' => 'module',
  'module' => 
  array (
    0 => 'index',
    1 => 'LoginValidation',
    2 => 'creatPicture',
  ),
  'convert' => false,
)
[ info ] [ HEADER ] array (
  'host' => 'dm.migu666.net',
  'user-agent' => 'Mozilla/5.0 (Windows NT 6.1; WOW64) AppleWebKit/537.36 (KHTML, like Gecko) Chrome/72.0.3626.121 Safari/537.36',
  'accept' => 'image/webp,image/apng,image/*,*/*;q=0.8',
  'referer' => 'https://dm.migu666.net/forgetpwd',
  'accept-encoding' => 'gzip, deflate, br',
  'accept-language' => 'zh-CN,zh;q=0.9',
  'cookie' => 'PHPSESSID=8mpgn0iacgcad1m0jc94rpvpc2',
  'content-type' => '',
  'content-length' => '',
)
[ info ] [ PARAM ] array (
  0 => '',
)
[ info ] [ RUN ] app\index\controller\LoginValidation->creatPicture[ /www/web/migu666/application/index/controller/LoginValidation.php ]
[ info ] [ SESSION ] INIT array (
  'id' => '',
  'var_session_id' => '',
  'prefix' => 'think',
  'type' => '',
  'auto_start' => true,
)
[ info ] [ LOG ] INIT File
---------------------------------------------------------------
[ 2019-05-07T23:54:40+08:00 ] 119.123.134.191 GET /creatPicture?1557244479416
[ info ] dm.migu666.net/creatPicture?1557244479416 [运行时间：0.022074s][吞吐率：45.30req/s] [内存消耗：1,784.13kb] [文件加载：36]
[ info ] [ LANG ] /www/web/migu666/thinkphp/lang/zh-cn.php
[ info ] [ ROUTE ] array (
  'type' => 'module',
  'module' => 
  array (
    0 => 'index',
    1 => 'LoginValidation',
    2 => 'creatPicture',
  ),
  'convert' => false,
)
[ info ] [ HEADER ] array (
  'host' => 'dm.migu666.net',
  'user-agent' => 'Mozilla/5.0 (Windows NT 6.1; WOW64) AppleWebKit/537.36 (KHTML, like Gecko) Chrome/72.0.3626.121 Safari/537.36',
  'accept' => 'image/webp,image/apng,image/*,*/*;q=0.8',
  'referer' => 'https://dm.migu666.net/forgetpwd',
  'accept-encoding' => 'gzip, deflate, br',
  'accept-language' => 'zh-CN,zh;q=0.9',
  'cookie' => 'PHPSESSID=8mpgn0iacgcad1m0jc94rpvpc2',
  'content-type' => '',
  'content-length' => '',
)
[ info ] [ PARAM ] array (
  0 => '',
)
[ info ] [ RUN ] app\index\controller\LoginValidation->creatPicture[ /www/web/migu666/application/index/controller/LoginValidation.php ]
[ info ] [ SESSION ] INIT array (
  'id' => '',
  'var_session_id' => '',
  'prefix' => 'think',
  'type' => '',
  'auto_start' => true,
)
[ info ] [ LOG ] INIT File
---------------------------------------------------------------
[ 2019-05-07T23:54:41+08:00 ] 119.123.134.191 GET /creatPicture?1557244480016
[ info ] dm.migu666.net/creatPicture?1557244480016 [运行时间：0.019875s][吞吐率：50.31req/s] [内存消耗：1,784.13kb] [文件加载：36]
[ info ] [ LANG ] /www/web/migu666/thinkphp/lang/zh-cn.php
[ info ] [ ROUTE ] array (
  'type' => 'module',
  'module' => 
  array (
    0 => 'index',
    1 => 'LoginValidation',
    2 => 'creatPicture',
  ),
  'convert' => false,
)
[ info ] [ HEADER ] array (
  'host' => 'dm.migu666.net',
  'user-agent' => 'Mozilla/5.0 (Windows NT 6.1; WOW64) AppleWebKit/537.36 (KHTML, like Gecko) Chrome/72.0.3626.121 Safari/537.36',
  'accept' => 'image/webp,image/apng,image/*,*/*;q=0.8',
  'referer' => 'https://dm.migu666.net/forgetpwd',
  'accept-encoding' => 'gzip, deflate, br',
  'accept-language' => 'zh-CN,zh;q=0.9',
  'cookie' => 'PHPSESSID=8mpgn0iacgcad1m0jc94rpvpc2',
  'content-type' => '',
  'content-length' => '',
)
[ info ] [ PARAM ] array (
  0 => '',
)
[ info ] [ RUN ] app\index\controller\LoginValidation->creatPicture[ /www/web/migu666/application/index/controller/LoginValidation.php ]
[ info ] [ SESSION ] INIT array (
  'id' => '',
  'var_session_id' => '',
  'prefix' => 'think',
  'type' => '',
  'auto_start' => true,
)
[ info ] [ LOG ] INIT File
---------------------------------------------------------------
[ 2019-05-07T23:54:41+08:00 ] 119.123.134.191 GET /creatPicture?1557244480520
[ info ] dm.migu666.net/creatPicture?1557244480520 [运行时间：0.018933s][吞吐率：52.82req/s] [内存消耗：1,784.13kb] [文件加载：36]
[ info ] [ LANG ] /www/web/migu666/thinkphp/lang/zh-cn.php
[ info ] [ ROUTE ] array (
  'type' => 'module',
  'module' => 
  array (
    0 => 'index',
    1 => 'LoginValidation',
    2 => 'creatPicture',
  ),
  'convert' => false,
)
[ info ] [ HEADER ] array (
  'host' => 'dm.migu666.net',
  'user-agent' => 'Mozilla/5.0 (Windows NT 6.1; WOW64) AppleWebKit/537.36 (KHTML, like Gecko) Chrome/72.0.3626.121 Safari/537.36',
  'accept' => 'image/webp,image/apng,image/*,*/*;q=0.8',
  'referer' => 'https://dm.migu666.net/forgetpwd',
  'accept-encoding' => 'gzip, deflate, br',
  'accept-language' => 'zh-CN,zh;q=0.9',
  'cookie' => 'PHPSESSID=8mpgn0iacgcad1m0jc94rpvpc2',
  'content-type' => '',
  'content-length' => '',
)
[ info ] [ PARAM ] array (
  0 => '',
)
[ info ] [ RUN ] app\index\controller\LoginValidation->creatPicture[ /www/web/migu666/application/index/controller/LoginValidation.php ]
[ info ] [ SESSION ] INIT array (
  'id' => '',
  'var_session_id' => '',
  'prefix' => 'think',
  'type' => '',
  'auto_start' => true,
)
[ info ] [ LOG ] INIT File
---------------------------------------------------------------
[ 2019-05-07T23:54:42+08:00 ] 119.123.134.191 GET /creatPicture?1557244481119
[ info ] dm.migu666.net/creatPicture?1557244481119 [运行时间：0.022315s][吞吐率：44.81req/s] [内存消耗：1,784.13kb] [文件加载：36]
[ info ] [ LANG ] /www/web/migu666/thinkphp/lang/zh-cn.php
[ info ] [ ROUTE ] array (
  'type' => 'module',
  'module' => 
  array (
    0 => 'index',
    1 => 'LoginValidation',
    2 => 'creatPicture',
  ),
  'convert' => false,
)
[ info ] [ HEADER ] array (
  'host' => 'dm.migu666.net',
  'user-agent' => 'Mozilla/5.0 (Windows NT 6.1; WOW64) AppleWebKit/537.36 (KHTML, like Gecko) Chrome/72.0.3626.121 Safari/537.36',
  'accept' => 'image/webp,image/apng,image/*,*/*;q=0.8',
  'referer' => 'https://dm.migu666.net/forgetpwd',
  'accept-encoding' => 'gzip, deflate, br',
  'accept-language' => 'zh-CN,zh;q=0.9',
  'cookie' => 'PHPSESSID=8mpgn0iacgcad1m0jc94rpvpc2',
  'content-type' => '',
  'content-length' => '',
)
[ info ] [ PARAM ] array (
  0 => '',
)
[ info ] [ RUN ] app\index\controller\LoginValidation->creatPicture[ /www/web/migu666/application/index/controller/LoginValidation.php ]
[ info ] [ SESSION ] INIT array (
  'id' => '',
  'var_session_id' => '',
  'prefix' => 'think',
  'type' => '',
  'auto_start' => true,
)
[ info ] [ LOG ] INIT File
---------------------------------------------------------------
[ 2019-05-07T23:54:42+08:00 ] 119.123.134.191 GET /creatPicture?1557244481696
[ info ] dm.migu666.net/creatPicture?1557244481696 [运行时间：0.020600s][吞吐率：48.54req/s] [内存消耗：1,784.13kb] [文件加载：36]
[ info ] [ LANG ] /www/web/migu666/thinkphp/lang/zh-cn.php
[ info ] [ ROUTE ] array (
  'type' => 'module',
  'module' => 
  array (
    0 => 'index',
    1 => 'LoginValidation',
    2 => 'creatPicture',
  ),
  'convert' => false,
)
[ info ] [ HEADER ] array (
  'host' => 'dm.migu666.net',
  'user-agent' => 'Mozilla/5.0 (Windows NT 6.1; WOW64) AppleWebKit/537.36 (KHTML, like Gecko) Chrome/72.0.3626.121 Safari/537.36',
  'accept' => 'image/webp,image/apng,image/*,*/*;q=0.8',
  'referer' => 'https://dm.migu666.net/forgetpwd',
  'accept-encoding' => 'gzip, deflate, br',
  'accept-language' => 'zh-CN,zh;q=0.9',
  'cookie' => 'PHPSESSID=8mpgn0iacgcad1m0jc94rpvpc2',
  'content-type' => '',
  'content-length' => '',
)
[ info ] [ PARAM ] array (
  0 => '',
)
[ info ] [ RUN ] app\index\controller\LoginValidation->creatPicture[ /www/web/migu666/application/index/controller/LoginValidation.php ]
[ info ] [ SESSION ] INIT array (
  'id' => '',
  'var_session_id' => '',
  'prefix' => 'think',
  'type' => '',
  'auto_start' => true,
)
[ info ] [ LOG ] INIT File
---------------------------------------------------------------
[ 2019-05-07T23:54:43+08:00 ] 119.123.134.191 GET /creatPicture?1557244482168
[ info ] dm.migu666.net/creatPicture?1557244482168 [运行时间：0.019596s][吞吐率：51.03req/s] [内存消耗：1,784.13kb] [文件加载：36]
[ info ] [ LANG ] /www/web/migu666/thinkphp/lang/zh-cn.php
[ info ] [ ROUTE ] array (
  'type' => 'module',
  'module' => 
  array (
    0 => 'index',
    1 => 'LoginValidation',
    2 => 'creatPicture',
  ),
  'convert' => false,
)
[ info ] [ HEADER ] array (
  'host' => 'dm.migu666.net',
  'user-agent' => 'Mozilla/5.0 (Windows NT 6.1; WOW64) AppleWebKit/537.36 (KHTML, like Gecko) Chrome/72.0.3626.121 Safari/537.36',
  'accept' => 'image/webp,image/apng,image/*,*/*;q=0.8',
  'referer' => 'https://dm.migu666.net/forgetpwd',
  'accept-encoding' => 'gzip, deflate, br',
  'accept-language' => 'zh-CN,zh;q=0.9',
  'cookie' => 'PHPSESSID=8mpgn0iacgcad1m0jc94rpvpc2',
  'content-type' => '',
  'content-length' => '',
)
[ info ] [ PARAM ] array (
  0 => '',
)
[ info ] [ RUN ] app\index\controller\LoginValidation->creatPicture[ /www/web/migu666/application/index/controller/LoginValidation.php ]
[ info ] [ SESSION ] INIT array (
  'id' => '',
  'var_session_id' => '',
  'prefix' => 'think',
  'type' => '',
  'auto_start' => true,
)
[ info ] [ LOG ] INIT File
---------------------------------------------------------------
[ 2019-05-07T23:54:43+08:00 ] 119.123.134.191 GET /creatPicture?1557244482624
[ info ] dm.migu666.net/creatPicture?1557244482624 [运行时间：0.021310s][吞吐率：46.93req/s] [内存消耗：1,784.13kb] [文件加载：36]
[ info ] [ LANG ] /www/web/migu666/thinkphp/lang/zh-cn.php
[ info ] [ ROUTE ] array (
  'type' => 'module',
  'module' => 
  array (
    0 => 'index',
    1 => 'LoginValidation',
    2 => 'creatPicture',
  ),
  'convert' => false,
)
[ info ] [ HEADER ] array (
  'host' => 'dm.migu666.net',
  'user-agent' => 'Mozilla/5.0 (Windows NT 6.1; WOW64) AppleWebKit/537.36 (KHTML, like Gecko) Chrome/72.0.3626.121 Safari/537.36',
  'accept' => 'image/webp,image/apng,image/*,*/*;q=0.8',
  'referer' => 'https://dm.migu666.net/forgetpwd',
  'accept-encoding' => 'gzip, deflate, br',
  'accept-language' => 'zh-CN,zh;q=0.9',
  'cookie' => 'PHPSESSID=8mpgn0iacgcad1m0jc94rpvpc2',
  'content-type' => '',
  'content-length' => '',
)
[ info ] [ PARAM ] array (
  0 => '',
)
[ info ] [ RUN ] app\index\controller\LoginValidation->creatPicture[ /www/web/migu666/application/index/controller/LoginValidation.php ]
[ info ] [ SESSION ] INIT array (
  'id' => '',
  'var_session_id' => '',
  'prefix' => 'think',
  'type' => '',
  'auto_start' => true,
)
[ info ] [ LOG ] INIT File
---------------------------------------------------------------
[ 2019-05-07T23:54:43+08:00 ] 119.123.134.191 GET /creatPicture?1557244482967
[ info ] dm.migu666.net/creatPicture?1557244482967 [运行时间：0.018452s][吞吐率：54.19req/s] [内存消耗：1,784.13kb] [文件加载：36]
[ info ] [ LANG ] /www/web/migu666/thinkphp/lang/zh-cn.php
[ info ] [ ROUTE ] array (
  'type' => 'module',
  'module' => 
  array (
    0 => 'index',
    1 => 'LoginValidation',
    2 => 'creatPicture',
  ),
  'convert' => false,
)
[ info ] [ HEADER ] array (
  'host' => 'dm.migu666.net',
  'user-agent' => 'Mozilla/5.0 (Windows NT 6.1; WOW64) AppleWebKit/537.36 (KHTML, like Gecko) Chrome/72.0.3626.121 Safari/537.36',
  'accept' => 'image/webp,image/apng,image/*,*/*;q=0.8',
  'referer' => 'https://dm.migu666.net/forgetpwd',
  'accept-encoding' => 'gzip, deflate, br',
  'accept-language' => 'zh-CN,zh;q=0.9',
  'cookie' => 'PHPSESSID=8mpgn0iacgcad1m0jc94rpvpc2',
  'content-type' => '',
  'content-length' => '',
)
[ info ] [ PARAM ] array (
  0 => '',
)
[ info ] [ RUN ] app\index\controller\LoginValidation->creatPicture[ /www/web/migu666/application/index/controller/LoginValidation.php ]
[ info ] [ SESSION ] INIT array (
  'id' => '',
  'var_session_id' => '',
  'prefix' => 'think',
  'type' => '',
  'auto_start' => true,
)
[ info ] [ LOG ] INIT File
---------------------------------------------------------------
[ 2019-05-07T23:54:44+08:00 ] 119.123.134.191 GET /creatPicture?1557244483327
[ info ] dm.migu666.net/creatPicture?1557244483327 [运行时间：0.028657s][吞吐率：34.90req/s] [内存消耗：1,784.13kb] [文件加载：36]
[ info ] [ LANG ] /www/web/migu666/thinkphp/lang/zh-cn.php
[ info ] [ ROUTE ] array (
  'type' => 'module',
  'module' => 
  array (
    0 => 'index',
    1 => 'LoginValidation',
    2 => 'creatPicture',
  ),
  'convert' => false,
)
[ info ] [ HEADER ] array (
  'host' => 'dm.migu666.net',
  'user-agent' => 'Mozilla/5.0 (Windows NT 6.1; WOW64) AppleWebKit/537.36 (KHTML, like Gecko) Chrome/72.0.3626.121 Safari/537.36',
  'accept' => 'image/webp,image/apng,image/*,*/*;q=0.8',
  'referer' => 'https://dm.migu666.net/forgetpwd',
  'accept-encoding' => 'gzip, deflate, br',
  'accept-language' => 'zh-CN,zh;q=0.9',
  'cookie' => 'PHPSESSID=8mpgn0iacgcad1m0jc94rpvpc2',
  'content-type' => '',
  'content-length' => '',
)
[ info ] [ PARAM ] array (
  0 => '',
)
[ info ] [ RUN ] app\index\controller\LoginValidation->creatPicture[ /www/web/migu666/application/index/controller/LoginValidation.php ]
[ info ] [ SESSION ] INIT array (
  'id' => '',
  'var_session_id' => '',
  'prefix' => 'think',
  'type' => '',
  'auto_start' => true,
)
[ info ] [ LOG ] INIT File
